<?xml version="1.0" encoding="UTF-8"?>
<testsuite xmlns:xsi="http://www.w3.org/2001/XMLSchema-instance" xsi:noNamespaceSchemaLocation="https://maven.apache.org/surefire/maven-surefire-plugin/xsd/surefire-test-report.xsd" name="site.nomoreparties.stellarburgers.UpdateUserDataAfterAuthorizationTest" time="7.445" tests="4" errors="0" skipped="0" failures="1">
  <properties>
    <property name="java.specification.version" value="17"/>
    <property name="sun.jnu.encoding" value="UTF-8"/>
    <property name="java.class.path" value="/Users/anna/Desktop/Diplom_Anna_Nikolenko_09/Diplom_2/target/test-classes:/Users/anna/Desktop/Diplom_Anna_Nikolenko_09/Diplom_2/target/classes:/Users/anna/.m2/repository/junit/junit/4.12/junit-4.12.jar:/Users/anna/.m2/repository/org/hamcrest/hamcrest-core/1.3/hamcrest-core-1.3.jar:/Users/anna/.m2/repository/io/rest-assured/rest-assured/4.4.0/rest-assured-4.4.0.jar:/Users/anna/.m2/repository/org/codehaus/groovy/groovy/3.0.8/groovy-3.0.8.jar:/Users/anna/.m2/repository/org/codehaus/groovy/groovy-xml/3.0.8/groovy-xml-3.0.8.jar:/Users/anna/.m2/repository/org/apache/httpcomponents/httpclient/4.5.13/httpclient-4.5.13.jar:/Users/anna/.m2/repository/org/apache/httpcomponents/httpcore/4.4.13/httpcore-4.4.13.jar:/Users/anna/.m2/repository/commons-logging/commons-logging/1.2/commons-logging-1.2.jar:/Users/anna/.m2/repository/commons-codec/commons-codec/1.11/commons-codec-1.11.jar:/Users/anna/.m2/repository/org/apache/httpcomponents/httpmime/4.5.13/httpmime-4.5.13.jar:/Users/anna/.m2/repository/org/hamcrest/hamcrest/2.1/hamcrest-2.1.jar:/Users/anna/.m2/repository/org/ccil/cowan/tagsoup/tagsoup/1.2.1/tagsoup-1.2.1.jar:/Users/anna/.m2/repository/io/rest-assured/json-path/4.4.0/json-path-4.4.0.jar:/Users/anna/.m2/repository/org/codehaus/groovy/groovy-json/3.0.8/groovy-json-3.0.8.jar:/Users/anna/.m2/repository/io/rest-assured/rest-assured-common/4.4.0/rest-assured-common-4.4.0.jar:/Users/anna/.m2/repository/io/rest-assured/xml-path/4.4.0/xml-path-4.4.0.jar:/Users/anna/.m2/repository/org/apache/commons/commons-lang3/3.11/commons-lang3-3.11.jar:/Users/anna/.m2/repository/jakarta/xml/bind/jakarta.xml.bind-api/2.3.3/jakarta.xml.bind-api-2.3.3.jar:/Users/anna/.m2/repository/jakarta/activation/jakarta.activation-api/1.2.2/jakarta.activation-api-1.2.2.jar:/Users/anna/.m2/repository/com/sun/xml/bind/jaxb-impl/2.3.3/jaxb-impl-2.3.3.jar:/Users/anna/.m2/repository/io/qameta/allure/allure-junit4/2.15.0/allure-junit4-2.15.0.jar:/Users/anna/.m2/repository/io/qameta/allure/allure-java-commons/2.15.0/allure-java-commons-2.15.0.jar:/Users/anna/.m2/repository/org/slf4j/slf4j-api/1.7.30/slf4j-api-1.7.30.jar:/Users/anna/.m2/repository/io/qameta/allure/allure-model/2.15.0/allure-model-2.15.0.jar:/Users/anna/.m2/repository/io/qameta/allure/allure-rest-assured/2.15.0/allure-rest-assured-2.15.0.jar:/Users/anna/.m2/repository/io/qameta/allure/allure-attachments/2.15.0/allure-attachments-2.15.0.jar:/Users/anna/.m2/repository/org/freemarker/freemarker/2.3.31/freemarker-2.3.31.jar:/Users/anna/.m2/repository/com/fasterxml/jackson/core/jackson-databind/2.13.0/jackson-databind-2.13.0.jar:/Users/anna/.m2/repository/com/fasterxml/jackson/core/jackson-annotations/2.13.0/jackson-annotations-2.13.0.jar:/Users/anna/.m2/repository/com/fasterxml/jackson/core/jackson-core/2.13.0/jackson-core-2.13.0.jar:"/>
    <property name="java.vm.vendor" value="Amazon.com Inc."/>
    <property name="sun.arch.data.model" value="64"/>
    <property name="java.vendor.url" value="https://aws.amazon.com/corretto/"/>
    <property name="os.name" value="Mac OS X"/>
    <property name="java.vm.specification.version" value="17"/>
    <property name="sun.java.launcher" value="SUN_STANDARD"/>
    <property name="user.country" value="RU"/>
    <property name="sun.boot.library.path" value="/Users/anna/Library/Java/JavaVirtualMachines/corretto-17.0.3/Contents/Home/lib"/>
    <property name="sun.java.command" value="/Users/anna/Desktop/Diplom_Anna_Nikolenko_09/Diplom_2/target/surefire/surefirebooter15840172949960054328.jar /Users/anna/Desktop/Diplom_Anna_Nikolenko_09/Diplom_2/target/surefire 2022-09-29T17-47-14_040-jvmRun1 surefire11763969293799727457tmp surefire_01731533859167039716tmp"/>
    <property name="http.nonProxyHosts" value="local|*.local|169.254/16|*.169.254/16"/>
    <property name="jdk.debug" value="release"/>
    <property name="surefire.test.class.path" value="/Users/anna/Desktop/Diplom_Anna_Nikolenko_09/Diplom_2/target/test-classes:/Users/anna/Desktop/Diplom_Anna_Nikolenko_09/Diplom_2/target/classes:/Users/anna/.m2/repository/junit/junit/4.12/junit-4.12.jar:/Users/anna/.m2/repository/org/hamcrest/hamcrest-core/1.3/hamcrest-core-1.3.jar:/Users/anna/.m2/repository/io/rest-assured/rest-assured/4.4.0/rest-assured-4.4.0.jar:/Users/anna/.m2/repository/org/codehaus/groovy/groovy/3.0.8/groovy-3.0.8.jar:/Users/anna/.m2/repository/org/codehaus/groovy/groovy-xml/3.0.8/groovy-xml-3.0.8.jar:/Users/anna/.m2/repository/org/apache/httpcomponents/httpclient/4.5.13/httpclient-4.5.13.jar:/Users/anna/.m2/repository/org/apache/httpcomponents/httpcore/4.4.13/httpcore-4.4.13.jar:/Users/anna/.m2/repository/commons-logging/commons-logging/1.2/commons-logging-1.2.jar:/Users/anna/.m2/repository/commons-codec/commons-codec/1.11/commons-codec-1.11.jar:/Users/anna/.m2/repository/org/apache/httpcomponents/httpmime/4.5.13/httpmime-4.5.13.jar:/Users/anna/.m2/repository/org/hamcrest/hamcrest/2.1/hamcrest-2.1.jar:/Users/anna/.m2/repository/org/ccil/cowan/tagsoup/tagsoup/1.2.1/tagsoup-1.2.1.jar:/Users/anna/.m2/repository/io/rest-assured/json-path/4.4.0/json-path-4.4.0.jar:/Users/anna/.m2/repository/org/codehaus/groovy/groovy-json/3.0.8/groovy-json-3.0.8.jar:/Users/anna/.m2/repository/io/rest-assured/rest-assured-common/4.4.0/rest-assured-common-4.4.0.jar:/Users/anna/.m2/repository/io/rest-assured/xml-path/4.4.0/xml-path-4.4.0.jar:/Users/anna/.m2/repository/org/apache/commons/commons-lang3/3.11/commons-lang3-3.11.jar:/Users/anna/.m2/repository/jakarta/xml/bind/jakarta.xml.bind-api/2.3.3/jakarta.xml.bind-api-2.3.3.jar:/Users/anna/.m2/repository/jakarta/activation/jakarta.activation-api/1.2.2/jakarta.activation-api-1.2.2.jar:/Users/anna/.m2/repository/com/sun/xml/bind/jaxb-impl/2.3.3/jaxb-impl-2.3.3.jar:/Users/anna/.m2/repository/io/qameta/allure/allure-junit4/2.15.0/allure-junit4-2.15.0.jar:/Users/anna/.m2/repository/io/qameta/allure/allure-java-commons/2.15.0/allure-java-commons-2.15.0.jar:/Users/anna/.m2/repository/org/slf4j/slf4j-api/1.7.30/slf4j-api-1.7.30.jar:/Users/anna/.m2/repository/io/qameta/allure/allure-model/2.15.0/allure-model-2.15.0.jar:/Users/anna/.m2/repository/io/qameta/allure/allure-rest-assured/2.15.0/allure-rest-assured-2.15.0.jar:/Users/anna/.m2/repository/io/qameta/allure/allure-attachments/2.15.0/allure-attachments-2.15.0.jar:/Users/anna/.m2/repository/org/freemarker/freemarker/2.3.31/freemarker-2.3.31.jar:/Users/anna/.m2/repository/com/fasterxml/jackson/core/jackson-databind/2.13.0/jackson-databind-2.13.0.jar:/Users/anna/.m2/repository/com/fasterxml/jackson/core/jackson-annotations/2.13.0/jackson-annotations-2.13.0.jar:/Users/anna/.m2/repository/com/fasterxml/jackson/core/jackson-core/2.13.0/jackson-core-2.13.0.jar:"/>
    <property name="allure.results.directory" value="/Users/anna/Desktop/Diplom_Anna_Nikolenko_09/Diplom_2/target/allure-results"/>
    <property name="sun.cpu.endian" value="little"/>
    <property name="user.home" value="/Users/anna"/>
    <property name="user.language" value="ru"/>
    <property name="java.specification.vendor" value="Oracle Corporation"/>
    <property name="java.version.date" value="2022-04-19"/>
    <property name="java.home" value="/Users/anna/Library/Java/JavaVirtualMachines/corretto-17.0.3/Contents/Home"/>
    <property name="file.separator" value="/"/>
    <property name="basedir" value="/Users/anna/Desktop/Diplom_Anna_Nikolenko_09/Diplom_2"/>
    <property name="java.vm.compressedOopsMode" value="Zero based"/>
    <property name="line.separator" value="&#10;"/>
    <property name="java.vm.specification.vendor" value="Oracle Corporation"/>
    <property name="java.specification.name" value="Java Platform API Specification"/>
    <property name="surefire.real.class.path" value="/Users/anna/Desktop/Diplom_Anna_Nikolenko_09/Diplom_2/target/surefire/surefirebooter15840172949960054328.jar"/>
    <property name="sun.management.compiler" value="HotSpot 64-Bit Tiered Compilers"/>
    <property name="ftp.nonProxyHosts" value="local|*.local|169.254/16|*.169.254/16"/>
    <property name="java.runtime.version" value="17.0.3+6-LTS"/>
    <property name="user.name" value="anna"/>
    <property name="path.separator" value=":"/>
    <property name="os.version" value="12.3.1"/>
    <property name="java.runtime.name" value="OpenJDK Runtime Environment"/>
    <property name="file.encoding" value="UTF-8"/>
    <property name="java.vm.name" value="OpenJDK 64-Bit Server VM"/>
    <property name="java.vendor.version" value="Corretto-17.0.3.6.1"/>
    <property name="localRepository" value="/Users/anna/.m2/repository"/>
    <property name="java.vendor.url.bug" value="https://github.com/corretto/corretto-17/issues/"/>
    <property name="java.io.tmpdir" value="/var/folders/15/yn5kq6y17t1_lngxqkrvmbpc0000gn/T/"/>
    <property name="idea.version" value="2022.1.1"/>
    <property name="java.version" value="17.0.3"/>
    <property name="user.dir" value="/Users/anna/Desktop/Diplom_Anna_Nikolenko_09/Diplom_2"/>
    <property name="os.arch" value="x86_64"/>
    <property name="java.vm.specification.name" value="Java Virtual Machine Specification"/>
    <property name="native.encoding" value="UTF-8"/>
    <property name="java.library.path" value="/Users/anna/Library/Java/Extensions:/Library/Java/Extensions:/Network/Library/Java/Extensions:/System/Library/Java/Extensions:/usr/lib/java:."/>
    <property name="java.vm.info" value="mixed mode, sharing"/>
    <property name="java.vendor" value="Amazon.com Inc."/>
    <property name="java.vm.version" value="17.0.3+6-LTS"/>
    <property name="sun.io.unicode.encoding" value="UnicodeBig"/>
    <property name="socksNonProxyHosts" value="local|*.local|169.254/16|*.169.254/16"/>
    <property name="java.class.version" value="61.0"/>
  </properties>
  <testcase name="updateEmailOfUserTest" classname="site.nomoreparties.stellarburgers.UpdateUserDataAfterAuthorizationTest" time="1.873"/>
  <testcase name="updateEmailOfUserWithInvalidDataTest" classname="site.nomoreparties.stellarburgers.UpdateUserDataAfterAuthorizationTest" time="1.76">
    <failure message="1 expectation failed.&#10;Expected status code &lt;403&gt; but was &lt;200&gt;.&#10;" type="java.lang.AssertionError"><![CDATA[java.lang.AssertionError: 
1 expectation failed.
Expected status code <403> but was <200>.

	at site.nomoreparties.stellarburgers.UpdateUserDataAfterAuthorizationTest.updateEmailOfUserWithInvalidDataTest(UpdateUserDataAfterAuthorizationTest.java:115)
]]></failure>
    <system-out><![CDATA[Request method:	POST
Request URI:	https://stellarburgers.nomoreparties.site/api/auth/register
Proxy:			<none>
Request params:	<none>
Query params:	<none>
Form params:	<none>
Path params:	<none>
Headers:		Accept=application/json, application/javascript, text/javascript, text/json
				Content-Type=application/json
Cookies:		<none>
Multiparts:		<none>
Body:
{
    "email": "136@mail.ru",
    "password": "12345",
    "name": "161Anna",
    "success": null,
    "user": null,
    "accessToken": null,
    "refreshToken": null,
    "message": null
}
HTTP/1.1 200 OK
Date: Thu, 29 Sep 2022 14:47:35 GMT
Content-Type: application/json; charset=utf-8
Transfer-Encoding: chunked
Connection: keep-alive
X-Powered-By: Express
Access-Control-Allow-Origin: *
authorization: Bearer eyJhbGciOiJIUzI1NiIsInR5cCI6IkpXVCJ9.eyJpZCI6IjYzMzViMDA3YzE2MWRhMDAxYjc2YWFhZiIsImlhdCI6MTY2NDQ2Mjg1NSwiZXhwIjoxNjY0NDY0MDU1fQ.4tibysLUWislEMVVGv78WMsN2BEdLngfnhgmhH3W0h8
ETag: W/"165-uk8XFMz+hGWGhBhut1f/WV2yqRo"
CF-Cache-Status: DYNAMIC
Report-To: {"endpoints":[{"url":"https:\/\/a.nel.cloudflare.com\/report\/v3?s=e7ERjiJ3LrCOEja26tKV1TSyeAcnDG4%2B64ZlK%2BfCpCK6a3Hn8%2B%2BbMIUN7com892mPhBWwXuFTHqnPKH%2B5vpD61ttgjCc%2BU9A5d%2BRDb%2F0L0Lgw3NitcuGKf5iUY9H3PYVVxJjw3uaV3i%2FDuMFqkU66kWpaMY%3D"}],"group":"cf-nel","max_age":604800}
NEL: {"success_fraction":0,"report_to":"cf-nel","max_age":604800}
Server: cloudflare
CF-RAY: 752583cb9d81f91b-MXP
Content-Encoding: gzip
alt-svc: h3=":443"; ma=86400, h3-29=":443"; ma=86400

{
    "success": true,
    "user": {
        "email": "136@mail.ru",
        "name": "161Anna"
    },
    "accessToken": "Bearer eyJhbGciOiJIUzI1NiIsInR5cCI6IkpXVCJ9.eyJpZCI6IjYzMzViMDA3YzE2MWRhMDAxYjc2YWFhZiIsImlhdCI6MTY2NDQ2Mjg1NSwiZXhwIjoxNjY0NDY0MDU1fQ.4tibysLUWislEMVVGv78WMsN2BEdLngfnhgmhH3W0h8",
    "refreshToken": "f3acc3d80b3d0e47e1e518751b307a29c85c303202535fcbff28c4830f731bd2b1c442cca31d7784"
}
Request method:	POST
Request URI:	https://stellarburgers.nomoreparties.site/api/auth/login
Proxy:			<none>
Request params:	<none>
Query params:	<none>
Form params:	<none>
Path params:	<none>
Headers:		Accept=application/json, application/javascript, text/javascript, text/json
				Content-Type=application/json
Cookies:		<none>
Multiparts:		<none>
Body:
{
    "email": "136@mail.ru",
    "password": "12345",
    "name": "161Anna",
    "success": null,
    "user": null,
    "accessToken": null,
    "refreshToken": null,
    "message": null
}
HTTP/1.1 200 OK
Date: Thu, 29 Sep 2022 14:47:35 GMT
Content-Type: application/json; charset=utf-8
Transfer-Encoding: chunked
Connection: keep-alive
X-Powered-By: Express
Access-Control-Allow-Origin: *
ETag: W/"165-tRsjKstTpGVJp0YznNigqpdHRd8"
CF-Cache-Status: DYNAMIC
Report-To: {"endpoints":[{"url":"https:\/\/a.nel.cloudflare.com\/report\/v3?s=ZqmHbD6YXGb0%2FaGZZHbE%2FIzUuI8%2F%2FPMDwb5wWhIRTjF7ifOUufW%2F6XSZ0iQ6SLhFALcCEA6iO7rRi6W61UA5Z0PsdP4KKLdTLRNFvPhYNhBPgc4Hxm2BUj4juLKsNeHIpiafIJwy5RTzTSeumqiIJN4UrG4%3D"}],"group":"cf-nel","max_age":604800}
NEL: {"success_fraction":0,"report_to":"cf-nel","max_age":604800}
Server: cloudflare
CF-RAY: 752583ce0f5983a6-MXP
Content-Encoding: gzip
alt-svc: h3=":443"; ma=86400, h3-29=":443"; ma=86400

{
    "success": true,
    "accessToken": "Bearer eyJhbGciOiJIUzI1NiIsInR5cCI6IkpXVCJ9.eyJpZCI6IjYzMzViMDA3YzE2MWRhMDAxYjc2YWFhZiIsImlhdCI6MTY2NDQ2Mjg1NSwiZXhwIjoxNjY0NDY0MDU1fQ.4tibysLUWislEMVVGv78WMsN2BEdLngfnhgmhH3W0h8",
    "refreshToken": "8f4f645c99cb221be2faee6f9299c81b2957ed279f96c5aa4c470226a7423871a1d4d0cd88953110",
    "user": {
        "email": "136@mail.ru",
        "name": "161Anna"
    }
}
Request method:	GET
Request URI:	https://stellarburgers.nomoreparties.site/api/auth/user
Proxy:			<none>
Request params:	<none>
Query params:	<none>
Form params:	<none>
Path params:	<none>
Headers:		Authorization=Bearer eyJhbGciOiJIUzI1NiIsInR5cCI6IkpXVCJ9.eyJpZCI6IjYzMzViMDA3YzE2MWRhMDAxYjc2YWFhZiIsImlhdCI6MTY2NDQ2Mjg1NSwiZXhwIjoxNjY0NDY0MDU1fQ.4tibysLUWislEMVVGv78WMsN2BEdLngfnhgmhH3W0h8
				Accept=application/json, application/javascript, text/javascript, text/json
				Content-Type=application/json
Cookies:		<none>
Multiparts:		<none>
Body:			<none>
HTTP/1.1 200 OK
Date: Thu, 29 Sep 2022 14:47:35 GMT
Content-Type: application/json; charset=utf-8
Transfer-Encoding: chunked
Connection: keep-alive
X-Powered-By: Express
Access-Control-Allow-Origin: *
ETag: W/"40-fR0FCAJgUCCqqgLrSxdM38yiul0"
CF-Cache-Status: DYNAMIC
Report-To: {"endpoints":[{"url":"https:\/\/a.nel.cloudflare.com\/report\/v3?s=16x48GSQzm4fRrNQ0J0EF6gqSr2tzGpa5dvgyb0iji6EMr0QC4mDiUE4JoNgiIzZS0l%2FhIUWKqJf7Buyj7%2BbtmOWYvCS9mu9ygt3eoJfXbzgx9fZ9rFkqsVdsup3JpShz57lOLlEqKiSLOLrQxgBFO9aNyw%3D"}],"group":"cf-nel","max_age":604800}
NEL: {"success_fraction":0,"report_to":"cf-nel","max_age":604800}
Server: cloudflare
CF-RAY: 752583d05ca50e0e-MXP
Content-Encoding: gzip
alt-svc: h3=":443"; ma=86400, h3-29=":443"; ma=86400

{
    "success": true,
    "user": {
        "email": "136@mail.ru",
        "name": "161Anna"
    }
}
Request method:	PATCH
Request URI:	https://stellarburgers.nomoreparties.site/api/auth/user
Proxy:			<none>
Request params:	<none>
Query params:	<none>
Form params:	<none>
Path params:	<none>
Headers:		Authorization=Bearer eyJhbGciOiJIUzI1NiIsInR5cCI6IkpXVCJ9.eyJpZCI6IjYzMzViMDA3YzE2MWRhMDAxYjc2YWFhZiIsImlhdCI6MTY2NDQ2Mjg1NSwiZXhwIjoxNjY0NDY0MDU1fQ.4tibysLUWislEMVVGv78WMsN2BEdLngfnhgmhH3W0h8
				Accept=text/html
				Content-Type=text/html; charset=ISO-8859-1
Cookies:		<none>
Multiparts:		<none>
Body:
<html>
  <body>{"email":"136@mail.ru","password":"12345","name":"161Anna","success":null,"user":null,"accessToken":null,"refreshToken":null,"message":null}</body>
</html>
HTTP/1.1 200 OK
Date: Thu, 29 Sep 2022 14:47:36 GMT
Content-Type: application/json; charset=utf-8
Transfer-Encoding: chunked
Connection: keep-alive
X-Powered-By: Express
Access-Control-Allow-Origin: *
ETag: W/"40-fR0FCAJgUCCqqgLrSxdM38yiul0"
CF-Cache-Status: DYNAMIC
Report-To: {"endpoints":[{"url":"https:\/\/a.nel.cloudflare.com\/report\/v3?s=VRMeNHuWWo7XqHr8ByfhlxfJ6OxE28VzI6b9LhO4epyT%2FziBD7TpAaBA2Wt9bYWq5SHwNwURyHqmKcNxvkGBzOx9iRiTf9rxUnJqeZGFhX0MENux%2FCgZgUYGLQShsz3oHqfSrKzOa30ltAamEWsP3Y0FEzs%3D"}],"group":"cf-nel","max_age":604800}
NEL: {"success_fraction":0,"report_to":"cf-nel","max_age":604800}
Server: cloudflare
CF-RAY: 752583d24ed259d1-MXP
Content-Encoding: gzip
alt-svc: h3=":443"; ma=86400, h3-29=":443"; ma=86400

{
    "success": true,
    "user": {
        "email": "136@mail.ru",
        "name": "161Anna"
    }
}
Request method:	DELETE
Request URI:	https://stellarburgers.nomoreparties.site/api/auth/user
Proxy:			<none>
Request params:	<none>
Query params:	<none>
Form params:	<none>
Path params:	<none>
Headers:		Authorization=Bearer eyJhbGciOiJIUzI1NiIsInR5cCI6IkpXVCJ9.eyJpZCI6IjYzMzViMDA3YzE2MWRhMDAxYjc2YWFhZiIsImlhdCI6MTY2NDQ2Mjg1NSwiZXhwIjoxNjY0NDY0MDU1fQ.4tibysLUWislEMVVGv78WMsN2BEdLngfnhgmhH3W0h8
				Accept=application/json, application/javascript, text/javascript, text/json
				Content-Type=application/json
Cookies:		<none>
Multiparts:		<none>
Body:			<none>
HTTP/1.1 202 Accepted
Date: Thu, 29 Sep 2022 14:47:36 GMT
Content-Type: application/json; charset=utf-8
Content-Length: 54
Connection: keep-alive
X-Powered-By: Express
Access-Control-Allow-Origin: *
ETag: W/"36-hDmZnQ3Ou/ynnqAeC6TYmyseuzY"
CF-Cache-Status: DYNAMIC
Report-To: {"endpoints":[{"url":"https:\/\/a.nel.cloudflare.com\/report\/v3?s=2nEO6iHb8Xl9olU35VoB%2FuXtVC83T%2FWOMeF63rr3%2FjPKY7ur1MpG0r7oFYZ9K6p4oxJ1kK6D6BXcLxMVbMVUy%2F8Ou011Ga0A5qVu%2FpSSRznR99c93ypn3GxiIbIMTFwKMFjItSi%2FmY1Ls466vgqoSzy7S%2BQ%3D"}],"group":"cf-nel","max_age":604800}
NEL: {"success_fraction":0,"report_to":"cf-nel","max_age":604800}
Server: cloudflare
CF-RAY: 752583d44ed50f5e-MXP
alt-svc: h3=":443"; ma=86400, h3-29=":443"; ma=86400

{
    "success": true,
    "message": "User successfully removed"
}
]]></system-out>
  </testcase>
  <testcase name="updateEmailAndNameOfUserTest" classname="site.nomoreparties.stellarburgers.UpdateUserDataAfterAuthorizationTest" time="1.983"/>
  <testcase name="updateNameOfUserTest" classname="site.nomoreparties.stellarburgers.UpdateUserDataAfterAuthorizationTest" time="1.827"/>
</testsuite>